make all --print-data-base --no-builtin-variables --no-builtin-rules --question
make: *** No rule to make target 'all'.  Stop.

# GNU Make 4.3
# Built for x86_64-pc-linux-gnu
# Copyright (C) 1988-2020 Free Software Foundation, Inc.
# License GPLv3+: GNU GPL version 3 or later <http://gnu.org/licenses/gpl.html>
# This is free software: you are free to change and redistribute it.
# There is NO WARRANTY, to the extent permitted by law.

# Make data base, printed on Mon Aug 22 19:19:15 2022

# Variables

# environment
REMOTE_CONTAINERS_SOCKETS = ["/tmp/vscode-ssh-auth-75bc5e2dd6d453b6832ffc7c839b7d99c5750132.sock"]
# environment
JAVA_HOME = /opt/bitnami/java
# environment
LC_ALL = C
# environment
VSCODE_CWD = /vscode/vscode-server/bin/linux-x64/e4503b30fc78200f846c62cf8091b76ff5547662
# default
MAKE_COMMAND := make
# environment
VSCODE_HANDLES_SIGPIPE = true
# environment
APP_VERSION = 3.3.0
# automatic
@D = $(patsubst %/,%,$(dir $@))
# environment
NSS_WRAPPER_PASSWD = /opt/bitnami/spark/tmp/nss_passwd
# environment
VSCODE_HANDLES_UNCAUGHT_ERRORS = true
# default
.VARIABLES := 
# environment
PWD = /workspaces/deequ
# automatic
%D = $(patsubst %/,%,$(dir $%))
# environment
HOSTNAME = 28dbc27545a6
# automatic
^D = $(patsubst %/,%,$(dir $^))
# automatic
%F = $(notdir $%)
# environment
LANG = C
# default
.LOADED := 
# default
.INCLUDE_DIRS = /usr/local/include /usr/include /usr/include
# environment
OS_NAME = linux
# makefile
MAKEFLAGS = pqrR
# makefile
CURDIR := /workspaces/deequ
# environment
SPARK_HOME = /opt/bitnami/spark
# environment
APPLICATION_INSIGHTS_NO_DIAGNOSTIC_CHANNEL = true
# automatic
*D = $(patsubst %/,%,$(dir $*))
# environment
MFLAGS = -pqrR
# environment
SSH_AUTH_SOCK = /tmp/vscode-ssh-auth-75bc5e2dd6d453b6832ffc7c839b7d99c5750132.sock
# default
.SHELLFLAGS := -c
# automatic
+D = $(patsubst %/,%,$(dir $+))
# makefile (from 'Makefile', line 1)
MAKEFILE_LIST := Makefile
# automatic
@F = $(notdir $@)
# automatic
?D = $(patsubst %/,%,$(dir $?))
# environment
OS_ARCH = amd64
# automatic
*F = $(notdir $*)
# automatic
<D = $(patsubst %/,%,$(dir $<))
# environment
VSCODE_NLS_CONFIG = {"locale":"en","availableLanguages":{}}
# default
MAKE_HOST := x86_64-pc-linux-gnu
# makefile
SHELL = /bin/sh
# default
MAKECMDGOALS := all
# environment
LD_LIBRARY_PATH = /opt/bitnami/python/lib/:/opt/bitnami/spark/venv/lib/python3.8/site-packages/numpy.libs/:
# environment
SHLVL = 1
# environment
MAKELEVEL := 0
# default
MAKE = $(MAKE_COMMAND)
# environment
PATH = /vscode/vscode-server/bin/linux-x64/e4503b30fc78200f846c62cf8091b76ff5547662/bin/remote-cli:/opt/bitnami/python/bin:/opt/bitnami/java/bin:/opt/bitnami/spark/bin:/opt/bitnami/spark/sbin:/opt/bitnami/common/bin:/usr/local/sbin:/usr/local/bin:/usr/sbin:/usr/bin:/sbin:/bin
# default
MAKEFILES := 
# automatic
^F = $(notdir $^)
# environment
REMOTE_CONTAINERS_IPC = /tmp/vscode-remote-containers-ipc-75bc5e2dd6d453b6832ffc7c839b7d99c5750132.sock
# environment
REMOTE_CONTAINERS = true
# automatic
?F = $(notdir $?)
# automatic
+F = $(notdir $+)
# 'override' directive
GNUMAKEFLAGS := 
# environment
BROWSER = /vscode/vscode-server/bin/linux-x64/e4503b30fc78200f846c62cf8091b76ff5547662/bin/helpers/browser.sh
# makefile
.DEFAULT_GOAL := build
# default
MAKE_VERSION := 4.3
# environment
PYTHONPATH = /opt/bitnami/spark/python/:
# environment
VSCODE_AGENT_FOLDER = /.vscode-server
# environment
_ = /bin/cat
# environment
BITNAMI_APP_NAME = spark
# environment
OS_FLAVOUR = debian-11
# environment
VSCODE_IPC_HOOK_CLI = /tmp/vscode-ipc-bf809598-331d-4b71-95e7-9ec03b12609b.sock
# environment
NSS_WRAPPER_GROUP = /opt/bitnami/spark/tmp/nss_group
# environment
VSCODE_AMD_ENTRYPOINT = vs/workbench/api/node/extensionHostProcess
# environment
LIBNSS_WRAPPER_PATH = /opt/bitnami/common/lib/libnss_wrapper.so
# environment
HOME = /
# environment
ELECTRON_RUN_AS_NODE = 1
# default
.RECIPEPREFIX := 
# automatic
<F = $(notdir $<)
# default
SUFFIXES := 
# default
.FEATURES := target-specific order-only second-expansion else-if shortest-stem undefine oneshell nocomment grouped-target extra-prereqs archives jobserver output-sync check-symlink load
# variable set hash-table stats:
# Load=69/1024=7%, Rehash=0, Collisions=1/99=1%

# Pattern-specific Variable Values

# No pattern-specific variable values.

# Directories

# . (device 135, inode 5): 23 files, no impossibilities.

# 23 files, no impossibilities in 1 directories.

# Implicit Rules

# No implicit rules.

# Files

# Not a target:
Makefile:
#  Implicit rule search has been done.
#  Last modified 2022-08-22 16:39:02.573330947
#  File has been updated.
#  Successfully updated.

# Not a target:
.DEFAULT:
#  Implicit rule search has not been done.
#  Modification time never checked.
#  File has not been updated.

# Not a target:
all:
#  Command line target.
#  Implicit rule search has been done.
#  File does not exist.
#  File has not been updated.

build:
#  Implicit rule search has not been done.
#  Modification time never checked.
#  File has not been updated.
#  recipe to execute (from 'Makefile', line 2):
	mvn clean install

# files hash-table stats:
# Load=5/1024=0%, Rehash=0, Collisions=0/15=0%
# VPATH Search Paths

# No 'vpath' search paths.

# No general ('VPATH' variable) search path.

# strcache buffers: 1 (0) / strings = 29 / storage = 276 B / avg = 9 B
# current buf: size = 8162 B / used = 276 B / count = 29 / avg = 9 B

# strcache performance: lookups = 34 / hit rate = 14%
# hash-table stats:
# Load=29/8192=0%, Rehash=0, Collisions=0/34=0%
# Finished Make data base on Mon Aug 22 19:19:15 2022

 
